c:\users\utente\documents\github\rtgi\rtgi-win\debug\vc120.pdb
c:\users\utente\documents\github\rtgi\rtgi-win\debug\vc120.idb
c:\users\utente\documents\github\rtgi\rtgi-win\debug\lodepng.obj
c:\users\utente\documents\github\rtgi\rtgi-win\debug\texture.obj
c:\users\utente\documents\github\rtgi\rtgi-win\debug\buffer.obj
c:\users\utente\documents\github\rtgi\rtgi-win\debug\geometry.obj
c:\users\utente\documents\github\rtgi\rtgi-win\debug\gl_core_4_4.obj
c:\users\utente\documents\github\rtgi\rtgi-win\debug\main.obj
c:\users\utente\documents\github\rtgi\rtgi-win\debug\shader.obj
c:\users\utente\documents\github\rtgi\rtgi-win\debug\application.obj
c:\users\utente\documents\github\rtgi\rtgi-win\debug\framebuffer.obj
c:\users\utente\documents\github\rtgi\rtgi-win\debug\json11.obj
c:\users\utente\documents\github\rtgi\rtgi-win\debug\rtgi-win.ilk
c:\users\utente\documents\github\rtgi\rtgi-win\debug\rtgi-win.exe
c:\users\utente\documents\github\rtgi\rtgi-win\debug\rtgi-win.pdb
c:\users\utente\documents\github\rtgi\rtgi-win\debug\rtgi-win.tlog\cl.command.1.tlog
c:\users\utente\documents\github\rtgi\rtgi-win\debug\rtgi-win.tlog\cl.read.1.tlog
c:\users\utente\documents\github\rtgi\rtgi-win\debug\rtgi-win.tlog\cl.write.1.tlog
c:\users\utente\documents\github\rtgi\rtgi-win\debug\rtgi-win.tlog\link.command.1.tlog
c:\users\utente\documents\github\rtgi\rtgi-win\debug\rtgi-win.tlog\link.read.1.tlog
c:\users\utente\documents\github\rtgi\rtgi-win\debug\rtgi-win.tlog\link.write.1.tlog
